but_chat_bar.mdl
  Exported okay.

but_chat_bar_big.mdl
  Exported okay.

but_chat_bar360.mdl
  Exported okay.

but_chat_bar720.mdl
  Exported okay.

but_chat_reply.mdl
  Exported okay.

but_hiddenqlog.mdl
  Exported okay.

but_mainmenu.mdl
  Exported okay.

but_popup_icon.mdl
  Exported okay.

but_popup_prtrt.mdl
  Exported okay.

but_quicklogin.mdl
  Exported okay.

buttonblank.mdl
  Exported okay.

buttoncontext.mdl
  Exported okay.

buttondown.mdl
  Exported okay.

buttondown01.mdl
  Exported okay.

buttonlarge.mdl
  Exported okay.

buttonleft.mdl
  Exported okay.

buttonmed.mdl
  Exported okay.

buttonright.mdl
  Exported okay.

buttonsmall.mdl
  Exported okay.

buttonup.mdl
  Exported okay.

cg_chrsht800.mdl
  Exported okay.

cglb_listbox.mdl
  Exported okay.

cgpck_listbox.mdl
  Exported okay.

charviewaxis.mdl
  Exported okay.

checkbox.mdl
  Exported okay.

checkboxoff.mdl
  Exported okay.

checkboxon.mdl
  Exported okay.

cmes_list800.mdl
  Exported okay.

cmes_message800.mdl
  Exported okay.

csrv_chat800.mdl
  Exported okay.

csrv_histry800.mdl
  Exported okay.

ctl_actionqueue.mdl
  Exported okay.

ctl_bart_but.mdl
  Exported okay.

ctl_btn_111x43.mdl
  Exported okay.

ctl_btn_119x43.mdl
  Exported okay.

ctl_btn_152x22.mdl
  Exported okay.

ctl_btn_176x43.mdl
  Exported okay.

ctl_btn_176x43ic.mdl
  Exported okay.

ctl_btn_226x43.mdl
  Exported okay.

ctl_btn_343x43.mdl
  Exported okay.

ctl_btn_64x24.mdl
  Exported okay.

ctl_btn_app.mdl
  Exported okay.

ctl_btn_blah.mdl
  Exported okay.

ctl_btn_btr.mdl
  Exported okay.

ctl_btn_chatmode.mdl
  Exported okay.

ctl_btn_ctr.mdl
  Exported okay.

ctl_btn_inv_st.mdl
  Exported okay.

ctl_btn_inv_st1.mdl
  Exported okay.

ctl_btn_lvl.mdl
  Exported okay.

ctl_btn_pb_lvlup.mdl
  Exported okay.

ctl_btn_pb_pause.mdl
  Exported okay.

ctl_btn_pb_tmstp.mdl
  Exported okay.

ctl_btn_pre_116.mdl
  Exported okay.

ctl_btn_pre_178.mdl
  Exported okay.

ctl_btn_pre_178x.mdl
  Exported okay.

ctl_btn_pre_256.mdl
  Exported okay.

ctl_btn_pre_340.mdl
  Exported okay.

ctl_btn_pre_360.mdl
  Exported okay.

ctl_btn_pre_400.mdl
  Exported okay.

ctl_btn_spellevl.mdl
  Exported okay.

ctl_btn_spellvlr.mdl
  Exported okay.

ctl_btn_srv_110.mdl
  Exported okay.

ctl_btn_srv_140.mdl
  Exported okay.

ctl_btn_srv_161.mdl
  Exported okay.

ctl_btn_srv_181.mdl
  Exported okay.

ctl_btn_srv_38.mdl
  Exported okay.

ctl_btn_srv_45.mdl
  Exported okay.

ctl_btn_srv_49.mdl
  Exported okay.

ctl_btn_srv_55.mdl
  Exported okay.

ctl_btn_srv_61.mdl
  Exported okay.

ctl_btn_srv_67.mdl
  Exported okay.

ctl_btn_srv_int1.mdl
  Exported okay.

ctl_btn_srv_int2.mdl
  Exported okay.

ctl_btn_srv_lan1.mdl
  Exported okay.

ctl_btn_srv_lan2.mdl
  Exported okay.

ctl_btn_srv_ls1.mdl
  Exported okay.

ctl_btn_txt407.mdl
  Exported okay.

ctl_btn_uiscale.mdl
  Exported okay.

ctl_btn_x.mdl
  Exported okay.

ctl_btn_xch.mdl
  Exported okay.

ctl_cg_bigportrt.mdl
  Exported okay.

ctl_cg_btn_att.mdl
  Exported okay.

ctl_cg_btn_att1.mdl
  Exported okay.

ctl_cg_btn_class.mdl
  Exported okay.

ctl_cg_btn_col.mdl
  Exported okay.

ctl_cg_btn_colw.mdl
  Exported okay.

ctl_cg_btn_dn.mdl
  Exported okay.

ctl_cg_btn_dom.mdl
  Exported okay.

ctl_cg_btn_famil.mdl
  Exported okay.

ctl_cg_btn_feat.mdl
  Exported okay.

ctl_cg_btn_help.mdl
  Exported okay.

ctl_cg_btn_left.mdl
  Exported okay.

ctl_cg_btn_luatt.mdl
  Exported okay.

ctl_cg_btn_predf.mdl
  Exported okay.

ctl_cg_btn_right.mdl
  Exported okay.

ctl_cg_btn_schol.mdl
  Exported okay.

ctl_cg_btn_skdn.mdl
  Exported okay.

ctl_cg_btn_skill.mdl
  Exported okay.

ctl_cg_btn_skpts.mdl
  Exported okay.

ctl_cg_btn_skup.mdl
  Exported okay.

ctl_cg_btn_snds.mdl
  Exported okay.

ctl_cg_btn_splvl.mdl
  Exported okay.

ctl_cg_btn_up.mdl
  Exported okay.

ctl_cg_clericd.mdl
  Exported okay.

ctl_cg_color_tmp.mdl
  Exported okay.

ctl_cg_edit_205.mdl
  Exported okay.

ctl_cg_edit_343.mdl
  Exported okay.

ctl_cg_edit_age.mdl
  Exported okay.

ctl_cg_edit_fnam.mdl
  Exported okay.

ctl_cg_edit_l.mdl
  Exported okay.

ctl_cg_edit_lnam.mdl
  Exported okay.

ctl_cg_edit_m.mdl
  Exported okay.

ctl_cg_edt_bio.mdl
  Exported okay.

ctl_cg_edt_desc.mdl
  Exported okay.

ctl_cg_edt_subrc.mdl
  Exported okay.

ctl_cg_fam.mdl
  Exported okay.

ctl_cg_goldbar.mdl
  Exported okay.

ctl_cg_help.mdl
  Exported okay.

ctl_cg_helpcost.mdl
  Exported okay.

ctl_cg_helpfe.mdl
  Exported okay.

ctl_cg_helpfeat.mdl
  Exported okay.

ctl_cg_helpskill.mdl
  Exported okay.

ctl_cg_helpspell.mdl
  Exported okay.

ctl_cg_lstbx11.mdl
  Exported okay.

ctl_cg_lstbx15.mdl
  Exported okay.

ctl_cg_lstbx16.mdl
  Exported okay.

ctl_cg_lstbx20.mdl
  Exported okay.

ctl_cg_lstbx21.mdl
  Exported okay.

ctl_cg_lstbx22.mdl
  Exported okay.

ctl_cg_lstbx30.mdl
  Exported okay.

ctl_cg_lstbx31.mdl
  Exported okay.

ctl_cg_lstbx6.mdl
  Exported okay.

ctl_cg_lstbxat.mdl
  Exported okay.

ctl_cg_lstbxft.mdl
  Exported okay.

ctl_cg_lstbxsk.mdl
  Exported okay.

ctl_cg_lstskills.mdl
  Exported okay.

ctl_cg_lstspel11.mdl
  Exported okay.

ctl_cg_lstspel15.mdl
  Exported okay.

ctl_cg_lstspel8.mdl
  Exported okay.

ctl_cg_mportrait.mdl
  Exported okay.

ctl_cg_numbox.mdl
  Exported okay.

ctl_cg_numbox2.mdl
  Exported okay.

ctl_cg_numbox3.mdl
  Exported okay.

ctl_cg_playmod.mdl
  Exported okay.

ctl_cg_portraits.mdl
  Exported okay.

ctl_cg_predf_lst.mdl
  Exported okay.

ctl_cg_spellhlp.mdl
  Exported okay.

ctl_cg_spells.mdl
  Exported okay.

ctl_cg_spinfo.mdl
  Exported okay.

ctl_cg_title.mdl
  Exported okay.

ctl_cg_title343.mdl
  Exported okay.

ctl_cg_title420.mdl
  Exported okay.

ctl_cg_voice_bx.mdl
  Exported okay.

ctl_chk_pre.mdl
  Exported okay.

ctl_chr_btn_feat.mdl
  Exported okay.

ctl_chr_btn_skil.mdl
  Exported okay.

ctl_chr_btn_tab.mdl
  Exported okay.

ctl_chr_btn_tab1.mdl
  Exported okay.

ctl_chr_btn_tab2.mdl
  Exported okay.

ctl_chr_btn_tab3.mdl
  Exported okay.

ctl_chr_btn_tab4.mdl
  Exported okay.

ctl_chr_btn_tab5.mdl
  Exported okay.

ctl_chr_btn_tab6.mdl
  Exported okay.

ctl_chr_btn_tab7.mdl
  Exported okay.

ctl_chr_btn_tab8.mdl
  Exported okay.

ctl_chr_btnlstbx.mdl
  Exported okay.

ctl_chrsht_desc.mdl
  Exported okay.

ctl_chrsht_fmdsc.mdl
  Exported okay.

ctl_chrsht_lstbx.mdl
  Exported okay.

ctl_chrsht_lstnm.mdl
  Exported okay.

ctl_chrsht_lvlup.mdl
  Exported okay.

ctl_chrsht_nosiz.mdl
  Exported okay.

ctl_chrsht_resiz.mdl
  Exported okay.

ctl_chrtab_char.mdl
  Exported okay.

ctl_chrtab_feats.mdl
  Exported okay.

ctl_chrtab_skils.mdl
  Exported okay.

ctl_chrtab_spels.mdl
  Exported okay.

ctl_compass.mdl
  Exported okay.

ctl_dbg_btn.mdl
  Exported okay.

ctl_dbg_rotator.mdl
  Exported okay.

ctl_dialog_entry.mdl
  Exported okay.

ctl_dialog_reply.mdl
  Exported okay.

ctl_dm_btn_112.mdl
  Exported okay.

ctl_dm_btn_200.mdl
  Exported okay.

ctl_dm_btn_68.mdl
  Exported okay.

ctl_dm_btn_icon.mdl
  Exported okay.

ctl_dm_btn_make.mdl
  Exported okay.

ctl_dm_btn_tab1.mdl
  Exported okay.

ctl_dm_btn_task.mdl
  Exported okay.

ctl_dm_btn_taskb.mdl
  Exported okay.

ctl_dm_btn_taske.mdl
  Exported okay.

ctl_dm_btn_title.mdl
  Exported okay.

ctl_dm_lstbx1.mdl
  Exported okay.

ctl_dm_lstbx2.mdl
  Exported okay.

ctl_dm_title_438.mdl
  Exported okay.

ctl_dth_tit_278.mdl
  Exported okay.

ctl_edt_gen.mdl
  Exported okay.

ctl_edt_mod_in1.mdl
  Exported okay.

ctl_edt_mod_info.mdl
  Exported okay.

ctl_exam_item01.mdl
  Exported okay.

ctl_examin_efect.mdl
  Exported okay.

ctl_icon_areamap.mdl
  Exported okay.

ctl_icon_maphuge.mdl
  Exported okay.

ctl_icon_minimap.mdl
  Exported okay.

ctl_iconlst_20.mdl
  Exported okay.

ctl_iconlst_emty.mdl
  Exported okay.

ctl_ig_btn_20x64.mdl
  Exported okay.

ctl_ig_btn_attit.mdl
  Exported okay.

ctl_ig_btn_ban.mdl
  Exported okay.

ctl_ig_btn_boot.mdl
  Exported okay.

ctl_ig_btn_icon.mdl
  Exported okay.

ctl_ig_joystick.mdl
  Exported okay.

ctl_ig_plreffect.mdl
  Exported okay.

ctl_ig_plyr_list.mdl
  Exported okay.

ctl_ig_pvp_text.mdl
  Exported okay.

ctl_ig_slider.mdl
  Exported okay.

ctl_ig_xbutton.mdl
  Exported okay.

ctl_inv_btn_cont.mdl
  Exported okay.

ctl_inv_btn_down.mdl
  Exported okay.

ctl_inv_btn_eye.mdl
  Exported okay.

ctl_inv_btn_gold.mdl
  Exported okay.

ctl_inv_btn_left.mdl
  Exported okay.

ctl_inv_btn_rght.mdl
  Exported okay.

ctl_inv_btn_tab.mdl
  Exported okay.

ctl_inv_btn_up.mdl
  Exported okay.

ctl_inv_but_tab.mdl
  Exported okay.

ctl_inv_but_tabt.mdl
  Exported okay.

ctl_inv_con_lbl.mdl
  Exported okay.

ctl_inv_lbl26x30.mdl
  Exported okay.

ctl_inv_statbar.mdl
  Exported okay.

ctl_inv_sto_lbl.mdl
  Exported okay.

ctl_inv_sto_tab1.mdl
  Exported okay.

ctl_inv_sto_tab2.mdl
  Exported okay.

ctl_inv_sto_tab3.mdl
  Exported okay.

ctl_inv_sto_tab4.mdl
  Exported okay.

ctl_inv_sto_tab5.mdl
  Exported okay.

ctl_inv_title_20.mdl
  Exported okay.

ctl_jnl_btn_tab.mdl
  Exported okay.

ctl_jnl_btn_tab2.mdl
  Exported okay.

ctl_jnl_btn_tab3.mdl
  Exported okay.

ctl_jnl_entrytxt.mdl
  Exported okay.

ctl_jnl_lstbx.mdl
  Exported okay.

ctl_jnl_questbtn.mdl
  Exported okay.

ctl_jnl_tab_done.mdl
  Exported okay.

ctl_jnl_tab_note.mdl
  Exported okay.

ctl_jnl_tab_qst.mdl
  Exported okay.

ctl_jnl_tab_wrld.mdl
  Exported okay.

ctl_label_blank.mdl
  Exported okay.

ctl_loadstatus.mdl
  Exported okay.

ctl_lst_chatmode.mdl
  Exported okay.

ctl_lvlup_sum.mdl
  Exported okay.

ctl_map_combobox.mdl
  Exported okay.

ctl_map_pin.mdl
  Exported okay.

ctl_map_pin_grn.mdl
  Exported okay.

ctl_map_pin_red.mdl
  Exported okay.

ctl_map_pinsrc.mdl
  Exported okay.

ctl_map_xmarker.mdl
  Exported okay.

ctl_map_zoomin.mdl
  Exported okay.

ctl_map_zoomout.mdl
  Exported okay.

ctl_opt_btn_key.mdl
  Exported okay.

ctl_opt_edit_cdk.mdl
  Exported okay.

ctl_opt_gens.mdl
  Exported okay.

ctl_opt_key_lst.mdl
  Exported okay.

ctl_opt_vid_1.mdl
  Exported okay.

ctl_party_health.mdl
  Exported okay.

ctl_party_leader.mdl
  Exported okay.

ctl_pb_scasting.mdl
  Exported okay.

ctl_pb_scombat.mdl
  Exported okay.

ctl_pb_sdead.mdl
  Exported okay.

ctl_pb_sdefault.mdl
  Exported okay.

ctl_playmod_page.mdl
  Exported okay.

ctl_playr_health.mdl
  Exported okay.

ctl_pnl_inv_st.mdl
  Exported okay.

ctl_portr_64x128.mdl
  Exported okay.

ctl_pre_btn_char.mdl
  Exported okay.

ctl_pre_btn_plyr.mdl
  Exported okay.

ctl_pre_btn_tab.mdl
  Exported okay.

ctl_pre_btn_tab2.mdl
  Exported okay.

ctl_pre_btn30x34.mdl
  Exported okay.

ctl_pre_char_lst.mdl
  Exported okay.

ctl_pre_lbl_278.mdl
  Exported okay.

ctl_pre_lbl_400.mdl
  Exported okay.

ctl_pre_lbl_698.mdl
  Exported okay.

ctl_pre_lbl_698t.mdl
  Exported okay.

ctl_pre_lbl_save.mdl
  Exported okay.

ctl_pre_lbl_time.mdl
  Exported okay.

ctl_pre_listbox1.mdl
  Exported okay.

ctl_pre_load1.mdl
  Exported okay.

ctl_pre_lstbox2.mdl
  Exported okay.

ctl_pre_lstbox3t.mdl
  Exported okay.

ctl_pre_movies.mdl
  Exported okay.

ctl_pre_new1.mdl
  Exported okay.

ctl_pre_plmodlst.mdl
  Exported okay.

ctl_pre_plyrlist.mdl
  Exported okay.

ctl_pre_saveinf.mdl
  Exported okay.

ctl_pre_saveinfo.mdl
  Exported okay.

ctl_pre_sld_gamm.mdl
  Exported okay.

ctl_pre_txtbox1.mdl
  Exported okay.

ctl_ra_portrait.mdl
  Exported okay.

ctl_sb_btn_sptab.mdl
  Exported okay.

ctl_spelbx_first.mdl
  Exported okay.

ctl_spelbx_next.mdl
  Exported okay.

ctl_spellbox.mdl
  Exported okay.

ctl_spellbox_tmp.mdl
  Exported okay.

ctl_spells_tmp.mdl
  Exported okay.

ctl_spl_btn_arow.mdl
  Exported okay.

ctl_spl_btn_info.mdl
  Exported okay.

ctl_spl_btn_rgt.mdl
  Exported okay.

ctl_spl_tab.mdl
  Exported okay.

ctl_spl_tab_rgt.mdl
  Exported okay.

ctl_srv_chat_his.mdl
  Exported okay.

ctl_srv_chatedit.mdl
  Exported okay.

ctl_srv_gm_list.mdl
  Exported okay.

ctl_srv_hilit2.mdl
  Exported okay.

ctl_srv_lst_160.mdl
  Exported okay.

ctl_srv_lst_l.mdl
  Exported okay.

ctl_srv_lst_l1.mdl
  Exported okay.

ctl_srv_lst_l2.mdl
  Exported okay.

ctl_srv_lst_l3.mdl
  Exported okay.

ctl_srv_lst_l4.mdl
  Exported okay.

ctl_srv_lst_l5.mdl
  Exported okay.

ctl_srv_lst35.mdl
  Exported okay.

ctl_srv_lst44.mdl
  Exported okay.

ctl_srv_lst48.mdl
  Exported okay.

ctl_srv_title618.mdl
  Exported okay.

ctl_st_ok.mdl
  Exported okay.

ctl_svrlist_lan.mdl
  Exported okay.

ctl_timedevntbar.mdl
  Exported okay.

ctl_title_27x360.mdl
  Exported okay.

ctl_util_edit360.mdl
  Exported okay.

ctl_util_okscrol.mdl
  Exported okay.

ctl_wizardpage.mdl
  Exported okay.

edit_box_150x24.mdl
  Exported okay.

edit_box_275x24.mdl
  Exported okay.

edit_box_276x25.mdl
  Exported okay.

edit_chat.mdl
  Exported okay.

edit_chat_prompt.mdl
  Exported okay.

edit_con_310x120.mdl
  Exported okay.

edit_con_310x24.mdl
  Exported okay.

edit_con_port.mdl
  Exported okay.

edit_jnl_348x180.mdl
  Exported okay.

edit_jnl_348x22.mdl
  Exported okay.

edit_jnl_348x313.mdl
  Exported okay.

edit_jnl_348x408.mdl
  Exported okay.

edit_popup_1x10.mdl
  Exported okay.

edit_popup_1x15.mdl
  Exported okay.

edit_popup_1x30.mdl
  Exported okay.

edit_popup_2x15.mdl
  Exported okay.

edit_popup_2x30.mdl
  Exported okay.

edit_popup_2x45.mdl
  Exported okay.

edit_popup_3x30.mdl
  Exported okay.

edit_pre_savname.mdl
  Exported okay.

edit2line.mdl
  Exported okay.

edit4line.mdl
  Exported okay.

edit8line.mdl
  Exported okay.

editlarge.mdl
  Exported okay.

editmed.mdl
  Exported okay.

editsmall.mdl
  Exported okay.

editsvrstat.mdl
  Exported okay.

edittall.mdl
  Exported okay.

empty.mdl
  Exported okay.

emptygui.mdl
  Exported okay.

er_pb_scrl_down.mdl
  Exported okay.

er_pb_scrl_up.mdl
  Exported okay.

er_template1.mdl
  Exported okay.

er_template2.mdl
  Exported okay.

gui_boxes_barter.mdl
  Exported okay.

gui_cg_hilit.mdl
  Exported okay.

gui_cg_hilitspel.mdl
  Exported okay.

gui_chrsht_hilit.mdl
  Exported okay.

gui_dm_hilit.mdl
  Exported okay.

gui_empty.mdl
  Exported okay.

gui_fadeout.mdl
  Exported okay.

gui_floaty_panel.mdl
  Exported okay.

gui_hostile.mdl
  Exported okay.

gui_hostileh.mdl
  Exported okay.

gui_hostilel.mdl
  Exported okay.

gui_hostilem.mdl
  Exported okay.

gui_hostiles.mdl
  Exported okay.

gui_icon_0x0l.mdl
  Exported okay.

gui_icon_1x1l.mdl
  Exported okay.

gui_icon_1x1lc.mdl
  Exported okay.

gui_icon_1x1m.mdl
  Exported okay.

gui_icon_1x1mrng.mdl
  Exported okay.

gui_icon_1x1rc.mdl
  Exported okay.

gui_icon_1x1s.mdl
  Exported okay.

gui_icon_1x1sc.mdl
  Exported okay.

gui_icon_1x2l.mdl
  Exported okay.

gui_icon_1x2lc.mdl
  Exported okay.

gui_icon_1x2r.mdl
  Exported okay.

gui_icon_1x2rc.mdl
  Exported okay.

gui_icon_1x2s.mdl
  Exported okay.

gui_icon_1x2sc.mdl
  Exported okay.

gui_icon_1x3l.mdl
  Exported okay.

gui_icon_1x3lc.mdl
  Exported okay.

gui_icon_1x3r.mdl
  Exported okay.

gui_icon_1x3rc.mdl
  Exported okay.

gui_icon_1x4l.mdl
  Exported okay.

gui_icon_1x4lc.mdl
  Exported okay.

gui_icon_1x4r.mdl
  Exported okay.

gui_icon_1x4rc.mdl
  Exported okay.

gui_icon_1x5l.mdl
  Exported okay.

gui_icon_1x5lc.mdl
  Exported okay.

gui_icon_1x5r.mdl
  Exported okay.

gui_icon_1x5rc.mdl
  Exported okay.

gui_icon_2x1l.mdl
  Exported okay.

gui_icon_2x1s.mdl
  Exported okay.

gui_icon_2x2l.mdl
  Exported okay.

gui_icon_2x2lc.mdl
  Exported okay.

gui_icon_2x2rc.mdl
  Exported okay.

gui_icon_2x2s.mdl
  Exported okay.

gui_icon_2x2sc.mdl
  Exported okay.

gui_icon_2x3l.mdl
  Exported okay.

gui_icon_2x3lc.mdl
  Exported okay.

gui_icon_2x3r.mdl
  Exported okay.

gui_icon_2x3rc.mdl
  Exported okay.

gui_icon_2x3s.mdl
  Exported okay.

gui_icon_2x4l.mdl
  Exported okay.

gui_icon_2x4lc.mdl
  Exported okay.

gui_icon_2x4rc.mdl
  Exported okay.

gui_icon_2x4s.mdl
  Exported okay.

gui_icon_2x5l.mdl
  Exported okay.

gui_icon_2x5lc.mdl
  Exported okay.

gui_icon_2x5r.mdl
  Exported okay.

gui_icon_2x5rc.mdl
  Exported okay.

gui_icon_armr1l.mdl
  Exported okay.

gui_icon_armr1s.mdl
  Exported okay.

gui_icon_armr2l.mdl
  Exported okay.

gui_icon_armr2s.mdl
  Exported okay.

gui_icon_armr3l.mdl
  Exported okay.

gui_icon_armr3s.mdl
  Exported okay.

gui_icon_armr4l.mdl
  Exported okay.

gui_icon_armr4s.mdl
  Exported okay.

gui_icon_armr5l.mdl
  Exported okay.

gui_icon_armr5s.mdl
  Exported okay.

gui_icon_metamag.mdl
  Exported okay.

gui_icon_minimap.mdl
  Exported okay.

gui_jnl_hilit.mdl
  Exported okay.

gui_mouse.mdl
  Exported okay.

gui_mouse_center.mdl
  Exported okay.

gui_nonhostile.mdl
  Exported okay.

gui_nonhostileh.mdl
  Exported okay.

gui_nonhostilel.mdl
  Exported okay.

gui_nonhostilem.mdl
  Exported okay.

gui_nonhostiles.mdl
  Exported okay.

gui_pointer01.mdl
  Exported okay.

gui_ra_circle112.mdl
  Exported okay.

gui_ra_circle56.mdl
  Exported okay.

gui_ra_clearring.mdl
  Exported okay.

gui_ra_fr_abilty.mdl
  Exported okay.

gui_ra_fr_attack.mdl
  Exported okay.

gui_ra_fr_defend.mdl
  Exported okay.

gui_ra_fr_magic.mdl
  Exported okay.

gui_ra_fr_misc.mdl
  Exported okay.

gui_ra_fr_object.mdl
  Exported okay.

gui_ra_fr_ooc.mdl
  Exported okay.

gui_ra_fr_social.mdl
  Exported okay.

gui_ra_menu.mdl
  Exported okay.

gui_ra_more.mdl
  Exported okay.

gui_ra_multisub1.mdl
  Exported okay.

gui_ra_multisub2.mdl
  Exported okay.

gui_ra_multisub3.mdl
  Exported okay.

gui_ra_multisub4.mdl
  Exported okay.

gui_ra_multisub5.mdl
  Exported okay.

gui_ra_multisub6.mdl
  Exported okay.

gui_ra_multisub7.mdl
  Exported okay.

gui_ra_multisub8.mdl
  Exported okay.

gui_ra_portrait.mdl
  Exported okay.

gui_ra_spl_box.mdl
  Exported okay.

gui_ra_spl_focus.mdl
  Exported okay.

gui_ra_spl_mastr.mdl
  Exported okay.

gui_ra_spl_plain.mdl
  Exported okay.

gui_radialband.mdl
  Exported okay.

gui_screen.mdl
  Exported okay.

gui_walkto.mdl
  Exported okay.

hdownarrow02.mdl
  Exported okay.

hdownarrow1.mdl
  Exported okay.

hdragbar1.mdl
  Exported okay.

head_01.mdl
  Exported okay.

heditscroll1.mdl
  Exported okay.

heditscroll2.mdl
  Exported okay.

hpanel1.mdl
  Exported okay.

hpanel1a.mdl
  Exported okay.

hpanel1b.mdl
  Exported okay.

hpanel2.mdl
  Exported okay.

hpanel3.mdl
  Exported okay.

hrbutton1.mdl
  Exported okay.

hrbutton2.mdl
  Exported okay.

hscrollbar1.mdl
  Exported okay.

icon_0x0l.mdl
  Exported okay.

icon_1x1l.mdl
  Exported okay.

icon_1x1lc.mdl
  Exported okay.

icon_1x1m.mdl
  Exported okay.

icon_1x1s.mdl
  Exported okay.

icon_1x2l.mdl
  Exported okay.

icon_1x2r.mdl
  Exported okay.

icon_1x2s.mdl
  Exported okay.

icon_1x3l.mdl
  Exported okay.

icon_1x3lc.mdl
  Exported okay.

icon_1x3r.mdl
  Exported okay.

icon_1x3rc.mdl
  Exported okay.

icon_1x4l.mdl
  Exported okay.

icon_1x4lc.mdl
  Exported okay.

icon_1x4r.mdl
  Exported okay.

icon_1x4rc.mdl
  Exported okay.

icon_2x1l.mdl
  Exported okay.

icon_2x2l.mdl
  Exported okay.

icon_2x2s.mdl
  Exported okay.

icon_2x3l.mdl
  Exported okay.

icon_2x3lc.mdl
  Exported okay.

icon_2x3r.mdl
  Exported okay.

icon_2x3rc.mdl
  Exported okay.

icon_2x3s.mdl
  Exported okay.

icon_2x4l.mdl
  Exported okay.

icon_2x4lc.mdl
  Exported okay.

icon_2x4rc.mdl
  Exported okay.

icon_ghost.mdl
  Exported okay.

inv_box_10x10.mdl
  Exported okay.

inv_box_10x5.mdl
  Exported okay.

inv_box_10x6.mdl
  Exported okay.

inv_box_1x1.mdl
  Exported okay.

inv_box_1x1_ol.mdl
  Exported okay.

inv_box_1x2.mdl
  Exported okay.

inv_box_1x2_ol.mdl
  Exported okay.

inv_box_1x2s.mdl
  Exported okay.

inv_box_1x2s_ol.mdl
  Exported okay.

inv_box_1x3.mdl
  Exported okay.

inv_box_1x4.mdl
  Exported okay.

inv_box_1x5.mdl
  Exported okay.

inv_box_2x1.mdl
  Exported okay.

inv_box_2x1_ol.mdl
  Exported okay.

inv_box_2x1r.mdl
  Exported okay.

inv_box_2x2.mdl
  Exported okay.

inv_box_2x2_ol.mdl
  Exported okay.

inv_box_2x2l.mdl
  Exported okay.

inv_box_2x2l_ol.mdl
  Exported okay.

inv_box_2x2s.mdl
  Exported okay.

inv_box_2x2s_ol.mdl
  Exported okay.

inv_box_2x3.mdl
  Exported okay.

inv_box_2x3_ol.mdl
  Exported okay.

inv_box_2x3s.mdl
  Exported okay.

inv_box_2x3s_ol.mdl
  Exported okay.

inv_box_2x4.mdl
  Exported okay.

inv_box_2x4_ol.mdl
  Exported okay.

inv_box_2x4r.mdl
  Exported okay.

inv_box_2x5.mdl
  Exported okay.

inv_box_2x5_ol.mdl
  Exported okay.

inv_box_3x10.mdl
  Exported okay.

inv_box_3x11.mdl
  Exported okay.

inv_box_3x3.mdl
  Exported okay.

inv_box_3x3_ol.mdl
  Exported okay.

inv_box_7x5.mdl
  Exported okay.

inv_but_tab.mdl
  Exported okay.

inv_eqp_ammo.mdl
  Exported okay.

inv_eqp_armor.mdl
  Exported okay.

inv_eqp_belt.mdl
  Exported okay.

inv_eqp_boot.mdl
  Exported okay.

inv_eqp_cloak.mdl
  Exported okay.

inv_eqp_guant.mdl
  Exported okay.

inv_eqp_helmet.mdl
  Exported okay.

inv_eqp_lhand.mdl
  Exported okay.

inv_eqp_rhand.mdl
  Exported okay.

inv_eqp_ring.mdl
  Exported okay.

inv_eqpol_ammo.mdl
  Exported okay.

inv_eqpol_armor.mdl
  Exported okay.

inv_eqpol_belt.mdl
  Exported okay.

inv_eqpol_boot.mdl
  Exported okay.

inv_eqpol_cloak.mdl
  Exported okay.

inv_eqpol_guant.mdl
  Exported okay.

inv_eqpol_helmet.mdl
  Exported okay.

inv_eqpol_lhand.mdl
  Exported okay.

inv_eqpol_rhand.mdl
  Exported okay.

inv_eqpol_ring.mdl
  Exported okay.

load_legal.mdl
  Exported okay.

load_module.mdl
  Exported okay.

lsta_bar_status.mdl
  Exported okay.

lsta_but_cancel.mdl
  Exported okay.

okcl_but_cancel.mdl
  Exported okay.

okcl_but_ok.mdl
  Exported okay.

okmb_but_ok.mdl
  Exported okay.

pb_but_char.mdl
  Exported okay.

pb_but_char01.mdl
  Exported okay.

pb_but_chat.mdl
  Exported okay.

pb_but_hilite.mdl
  Exported okay.

pb_but_inv.mdl
  Exported okay.

pb_but_inv01.mdl
  Exported okay.

pb_but_jour.mdl
  Exported okay.

pb_but_jour01.mdl
  Exported okay.

pb_but_map.mdl
  Exported okay.

pb_but_map01.mdl
  Exported okay.

pb_but_opts.mdl
  Exported okay.

pb_but_opts01.mdl
  Exported okay.

pb_but_pvp.mdl
  Exported okay.

pb_but_rest.mdl
  Exported okay.

pb_but_save.mdl
  Exported okay.

pb_but_spell.mdl
  Exported okay.

pb_but_spell01.mdl
  Exported okay.

pb_mbr_pic.mdl
  Exported okay.

pb_mbr_pic1.mdl
  Exported okay.

pb_mbr_pic2.mdl
  Exported okay.

pb_mbr_pos.mdl
  Exported okay.

pb_mbr_props.mdl
  Exported okay.

pb_partylist.mdl
  Exported okay.

pb_pnl_member.mdl
  Exported okay.

pb_portrait.mdl
  Exported okay.

pb_portrait2.mdl
  Exported okay.

pb_scrl_down.mdl
  Exported okay.

pb_scrl_up.mdl
  Exported okay.

plmod_lst_800.mdl
  Exported okay.

pmod_details800.mdl
  Exported okay.

pmod_lst_chr800.mdl
  Exported okay.

pmods_lst_chr800.mdl
  Exported okay.

pnl_accountname.mdl
  Exported okay.

pnl_actionqueue.mdl
  Exported okay.

pnl_barter.mdl
  Exported okay.

pnl_bubble1_100.mdl
  Exported okay.

pnl_bubble1_150.mdl
  Exported okay.

pnl_bubble1_300.mdl
  Exported okay.

pnl_bubble10_300.mdl
  Exported okay.

pnl_bubble16_300.mdl
  Exported okay.

pnl_bubble2_100.mdl
  Exported okay.

pnl_bubble2_150.mdl
  Exported okay.

pnl_bubble2_300.mdl
  Exported okay.

pnl_bubble3_100.mdl
  Exported okay.

pnl_bubble3_150.mdl
  Exported okay.

pnl_bubble3_300.mdl
  Exported okay.

pnl_bubble32_300.mdl
  Exported okay.

pnl_bubble4_300.mdl
  Exported okay.

pnl_bubble5_300.mdl
  Exported okay.

pnl_bubble7_300.mdl
  Exported okay.

pnl_cg_clericd.mdl
  Exported okay.

pnl_cg_lu_summ.mdl
  Exported okay.

pnl_cg_spell_inf.mdl
  Exported okay.

pnl_cg_spinfo.mdl
  Exported okay.

pnl_chat.mdl
  Exported okay.

pnl_chat_big.mdl
  Exported okay.

pnl_chat_left.mdl
  Exported okay.

pnl_chat_prompt.mdl
  Exported okay.

pnl_chat360.mdl
  Exported okay.

pnl_chat720.mdl
  Exported okay.

pnl_chr_align.mdl
  Exported okay.

pnl_chr_appear.mdl
  Exported okay.

pnl_chr_attrib.mdl
  Exported okay.

pnl_chr_class.mdl
  Exported okay.

pnl_chr_crt800.mdl
  Exported okay.

pnl_chr_cstsubrc.mdl
  Exported okay.

pnl_chr_deity.mdl
  Exported okay.

pnl_chr_fam.mdl
  Exported okay.

pnl_chr_feat.mdl
  Exported okay.

pnl_chr_gen800.mdl
  Exported okay.

pnl_chr_genm.mdl
  Exported okay.

pnl_chr_inf.mdl
  Exported okay.

pnl_chr_listbox.mdl
  Exported okay.

pnl_chr_load.mdl
  Exported okay.

pnl_chr_pck.mdl
  Exported okay.

pnl_chr_portrait.mdl
  Exported okay.

pnl_chr_pred800.mdl
  Exported okay.

pnl_chr_race.mdl
  Exported okay.

pnl_chr_school.mdl
  Exported okay.

pnl_chr_sex.mdl
  Exported okay.

pnl_chr_sk.mdl
  Exported okay.

pnl_chr_spell.mdl
  Exported okay.

pnl_chr_subrace.mdl
  Exported okay.

pnl_chrsht.mdl
  Exported okay.

pnl_chrsht_char2.mdl
  Exported okay.

pnl_chrsht_famlr.mdl
  Exported okay.

pnl_chrsht_skil2.mdl
  Exported okay.

pnl_chrsht_skils.mdl
  Exported okay.

pnl_chrsht2.mdl
  Exported okay.

pnl_compass.mdl
  Exported okay.

pnl_con_prtl_inf.mdl
  Exported okay.

pnl_con_vid_mode.mdl
  Exported okay.

pnl_conmess800.mdl
  Exported okay.

pnl_connectstat.mdl
  Exported okay.

pnl_container.mdl
  Exported okay.

pnl_context.mdl
  Exported okay.

pnl_controlpnl.mdl
  Exported okay.

pnl_dm_chooser.mdl
  Exported okay.

pnl_dm_creator.mdl
  Exported okay.

pnl_dm_srch_objs.mdl
  Exported okay.

pnl_dm_taskbar.mdl
  Exported okay.

pnl_dth_death_op.mdl
  Exported okay.

pnl_equip.mdl
  Exported okay.

pnl_exam_item.mdl
  Exported okay.

pnl_examine_item.mdl
  Exported okay.

pnl_floatytext.mdl
  Exported okay.

pnl_fog.mdl
  Exported okay.

pnl_ig_options.mdl
  Exported okay.

pnl_ig_plr_state.mdl
  Exported okay.

pnl_ig_pvp.mdl
  Exported okay.

pnl_inv.mdl
  Exported okay.

pnl_ipaddress.mdl
  Exported okay.

pnl_jnl_dm_new.mdl
  Exported okay.

pnl_jnl_page1.mdl
  Exported okay.

pnl_jnl_page2.mdl
  Exported okay.

pnl_jnl_panel.mdl
  Exported okay.

pnl_lightning.mdl
  Exported okay.

pnl_loadmod800.mdl
  Exported okay.

pnl_lvlup_sum.mdl
  Exported okay.

pnl_main_bg.mdl
  Exported okay.

pnl_map_area.mdl
  Exported okay.

pnl_map_mini.mdl
  Exported okay.

pnl_mapgen_10x10.mdl
  Exported okay.

pnl_mapgen_10x11.mdl
  Exported okay.

pnl_mapgen_10x12.mdl
  Exported okay.

pnl_mapgen_10x13.mdl
  Exported okay.

pnl_mapgen_10x14.mdl
  Exported okay.

pnl_mapgen_10x15.mdl
  Exported okay.

pnl_mapgen_10x16.mdl
  Exported okay.

pnl_mapgen_10x17.mdl
  Exported okay.

pnl_mapgen_10x18.mdl
  Exported okay.

pnl_mapgen_10x19.mdl
  Exported okay.

pnl_mapgen_10x2.mdl
  Exported okay.

pnl_mapgen_10x20.mdl
  Exported okay.

pnl_mapgen_10x21.mdl
  Exported okay.

pnl_mapgen_10x22.mdl
  Exported okay.

pnl_mapgen_10x23.mdl
  Exported okay.

pnl_mapgen_10x24.mdl
  Exported okay.

pnl_mapgen_10x3.mdl
  Exported okay.

pnl_mapgen_10x4.mdl
  Exported okay.

pnl_mapgen_10x5.mdl
  Exported okay.

pnl_mapgen_10x6.mdl
  Exported okay.

pnl_mapgen_10x7.mdl
  Exported okay.

pnl_mapgen_10x8.mdl
  Exported okay.

pnl_mapgen_10x9.mdl
  Exported okay.

pnl_mapgen_11x10.mdl
  Exported okay.

pnl_mapgen_11x11.mdl
  Exported okay.

pnl_mapgen_11x12.mdl
  Exported okay.

pnl_mapgen_11x13.mdl
  Exported okay.

pnl_mapgen_11x14.mdl
  Exported okay.

pnl_mapgen_11x15.mdl
  Exported okay.

pnl_mapgen_11x16.mdl
  Exported okay.

pnl_mapgen_11x17.mdl
  Exported okay.

pnl_mapgen_11x18.mdl
  Exported okay.

pnl_mapgen_11x19.mdl
  Exported okay.

pnl_mapgen_11x2.mdl
  Exported okay.

pnl_mapgen_11x20.mdl
  Exported okay.

pnl_mapgen_11x21.mdl
  Exported okay.

pnl_mapgen_11x22.mdl
  Exported okay.

pnl_mapgen_11x23.mdl
  Exported okay.

pnl_mapgen_11x24.mdl
  Exported okay.

pnl_mapgen_11x3.mdl
  Exported okay.

pnl_mapgen_11x4.mdl
  Exported okay.

pnl_mapgen_11x5.mdl
  Exported okay.

pnl_mapgen_11x6.mdl
  Exported okay.

pnl_mapgen_11x7.mdl
  Exported okay.

pnl_mapgen_11x8.mdl
  Exported okay.

pnl_mapgen_11x9.mdl
  Exported okay.

pnl_mapgen_12x10.mdl
  Exported okay.

pnl_mapgen_12x11.mdl
  Exported okay.

pnl_mapgen_12x12.mdl
  Exported okay.

pnl_mapgen_12x13.mdl
  Exported okay.

pnl_mapgen_12x14.mdl
  Exported okay.

pnl_mapgen_12x15.mdl
  Exported okay.

pnl_mapgen_12x16.mdl
  Exported okay.

pnl_mapgen_12x17.mdl
  Exported okay.

pnl_mapgen_12x18.mdl
  Exported okay.

pnl_mapgen_12x19.mdl
  Exported okay.

pnl_mapgen_12x2.mdl
  Exported okay.

pnl_mapgen_12x20.mdl
  Exported okay.

pnl_mapgen_12x21.mdl
  Exported okay.

pnl_mapgen_12x22.mdl
  Exported okay.

pnl_mapgen_12x23.mdl
  Exported okay.

pnl_mapgen_12x24.mdl
  Exported okay.

pnl_mapgen_12x3.mdl
  Exported okay.

pnl_mapgen_12x4.mdl
  Exported okay.

pnl_mapgen_12x5.mdl
  Exported okay.

pnl_mapgen_12x6.mdl
  Exported okay.

pnl_mapgen_12x7.mdl
  Exported okay.

pnl_mapgen_12x8.mdl
  Exported okay.

pnl_mapgen_12x9.mdl
  Exported okay.

pnl_mapgen_13x10.mdl
  Exported okay.

pnl_mapgen_13x11.mdl
  Exported okay.

pnl_mapgen_13x12.mdl
  Exported okay.

pnl_mapgen_13x13.mdl
  Exported okay.

pnl_mapgen_13x14.mdl
  Exported okay.

pnl_mapgen_13x15.mdl
  Exported okay.

pnl_mapgen_13x16.mdl
  Exported okay.

pnl_mapgen_13x17.mdl
  Exported okay.

pnl_mapgen_13x18.mdl
  Exported okay.

pnl_mapgen_13x19.mdl
  Exported okay.

pnl_mapgen_13x2.mdl
  Exported okay.

pnl_mapgen_13x20.mdl
  Exported okay.

pnl_mapgen_13x21.mdl
  Exported okay.

pnl_mapgen_13x22.mdl
  Exported okay.

pnl_mapgen_13x23.mdl
  Exported okay.

pnl_mapgen_13x24.mdl
  Exported okay.

pnl_mapgen_13x3.mdl
  Exported okay.

pnl_mapgen_13x4.mdl
  Exported okay.

pnl_mapgen_13x5.mdl
  Exported okay.

pnl_mapgen_13x6.mdl
  Exported okay.

pnl_mapgen_13x7.mdl
  Exported okay.

pnl_mapgen_13x8.mdl
  Exported okay.

pnl_mapgen_13x9.mdl
  Exported okay.

pnl_mapgen_14x10.mdl
  Exported okay.

pnl_mapgen_14x11.mdl
  Exported okay.

pnl_mapgen_14x12.mdl
  Exported okay.

pnl_mapgen_14x13.mdl
  Exported okay.

pnl_mapgen_14x14.mdl
  Exported okay.

pnl_mapgen_14x15.mdl
  Exported okay.

pnl_mapgen_14x16.mdl
  Exported okay.

pnl_mapgen_14x17.mdl
  Exported okay.

pnl_mapgen_14x18.mdl
  Exported okay.

pnl_mapgen_14x19.mdl
  Exported okay.

pnl_mapgen_14x2.mdl
  Exported okay.

pnl_mapgen_14x20.mdl
  Exported okay.

pnl_mapgen_14x21.mdl
  Exported okay.

pnl_mapgen_14x22.mdl
  Exported okay.

pnl_mapgen_14x23.mdl
  Exported okay.

pnl_mapgen_14x24.mdl
  Exported okay.

pnl_mapgen_14x3.mdl
  Exported okay.

pnl_mapgen_14x4.mdl
  Exported okay.

pnl_mapgen_14x5.mdl
  Exported okay.

pnl_mapgen_14x6.mdl
  Exported okay.

pnl_mapgen_14x7.mdl
  Exported okay.

pnl_mapgen_14x8.mdl
  Exported okay.

pnl_mapgen_14x9.mdl
  Exported okay.

pnl_mapgen_15x10.mdl
  Exported okay.

pnl_mapgen_15x11.mdl
  Exported okay.

pnl_mapgen_15x12.mdl
  Exported okay.

pnl_mapgen_15x13.mdl
  Exported okay.

pnl_mapgen_15x14.mdl
  Exported okay.

pnl_mapgen_15x15.mdl
  Exported okay.

pnl_mapgen_15x16.mdl
  Exported okay.

pnl_mapgen_15x17.mdl
  Exported okay.

pnl_mapgen_15x18.mdl
  Exported okay.

pnl_mapgen_15x19.mdl
  Exported okay.

pnl_mapgen_15x2.mdl
  Exported okay.

pnl_mapgen_15x20.mdl
  Exported okay.

pnl_mapgen_15x21.mdl
  Exported okay.

pnl_mapgen_15x22.mdl
  Exported okay.

pnl_mapgen_15x23.mdl
  Exported okay.

pnl_mapgen_15x24.mdl
  Exported okay.

pnl_mapgen_15x3.mdl
  Exported okay.

pnl_mapgen_15x4.mdl
  Exported okay.

pnl_mapgen_15x5.mdl
  Exported okay.

pnl_mapgen_15x6.mdl
  Exported okay.

pnl_mapgen_15x7.mdl
  Exported okay.

pnl_mapgen_15x8.mdl
  Exported okay.

pnl_mapgen_15x9.mdl
  Exported okay.

pnl_mapgen_16x10.mdl
  Exported okay.

pnl_mapgen_16x11.mdl
  Exported okay.

pnl_mapgen_16x12.mdl
  Exported okay.

pnl_mapgen_16x13.mdl
  Exported okay.

pnl_mapgen_16x14.mdl
  Exported okay.

pnl_mapgen_16x15.mdl
  Exported okay.

pnl_mapgen_16x16.mdl
  Exported okay.

pnl_mapgen_16x17.mdl
  Exported okay.

pnl_mapgen_16x18.mdl
  Exported okay.

pnl_mapgen_16x19.mdl
  Exported okay.

pnl_mapgen_16x2.mdl
  Exported okay.

pnl_mapgen_16x20.mdl
  Exported okay.

pnl_mapgen_16x21.mdl
  Exported okay.

pnl_mapgen_16x22.mdl
  Exported okay.

pnl_mapgen_16x23.mdl
  Exported okay.

pnl_mapgen_16x24.mdl
  Exported okay.

pnl_mapgen_16x3.mdl
  Exported okay.

pnl_mapgen_16x4.mdl
  Exported okay.

pnl_mapgen_16x5.mdl
  Exported okay.

pnl_mapgen_16x6.mdl
  Exported okay.

pnl_mapgen_16x7.mdl
  Exported okay.

pnl_mapgen_16x8.mdl
  Exported okay.

pnl_mapgen_16x9.mdl
  Exported okay.

pnl_mapgen_17x10.mdl
  Exported okay.

pnl_mapgen_17x11.mdl
  Exported okay.

pnl_mapgen_17x12.mdl
  Exported okay.

pnl_mapgen_17x13.mdl
  Exported okay.

pnl_mapgen_17x14.mdl
  Exported okay.

pnl_mapgen_17x15.mdl
  Exported okay.

pnl_mapgen_17x16.mdl
  Exported okay.

pnl_mapgen_17x17.mdl
  Exported okay.

pnl_mapgen_17x18.mdl
  Exported okay.

pnl_mapgen_17x19.mdl
  Exported okay.

pnl_mapgen_17x2.mdl
  Exported okay.

pnl_mapgen_17x20.mdl
  Exported okay.

pnl_mapgen_17x21.mdl
  Exported okay.

pnl_mapgen_17x22.mdl
  Exported okay.

pnl_mapgen_17x23.mdl
  Exported okay.

pnl_mapgen_17x24.mdl
  Exported okay.

pnl_mapgen_17x3.mdl
  Exported okay.

pnl_mapgen_17x4.mdl
  Exported okay.

pnl_mapgen_17x5.mdl
  Exported okay.

pnl_mapgen_17x6.mdl
  Exported okay.

pnl_mapgen_17x7.mdl
  Exported okay.

pnl_mapgen_17x8.mdl
  Exported okay.

pnl_mapgen_17x9.mdl
  Exported okay.

pnl_mapgen_18x10.mdl
  Exported okay.

pnl_mapgen_18x11.mdl
  Exported okay.

pnl_mapgen_18x12.mdl
  Exported okay.

pnl_mapgen_18x13.mdl
  Exported okay.

pnl_mapgen_18x14.mdl
  Exported okay.

pnl_mapgen_18x15.mdl
  Exported okay.

pnl_mapgen_18x16.mdl
  Exported okay.

pnl_mapgen_18x17.mdl
  Exported okay.

pnl_mapgen_18x18.mdl
  Exported okay.

pnl_mapgen_18x19.mdl
  Exported okay.

pnl_mapgen_18x2.mdl
  Exported okay.

pnl_mapgen_18x20.mdl
  Exported okay.

pnl_mapgen_18x21.mdl
  Exported okay.

pnl_mapgen_18x22.mdl
  Exported okay.

pnl_mapgen_18x23.mdl
  Exported okay.

pnl_mapgen_18x24.mdl
  Exported okay.

pnl_mapgen_18x3.mdl
  Exported okay.

pnl_mapgen_18x4.mdl
  Exported okay.

pnl_mapgen_18x5.mdl
  Exported okay.

pnl_mapgen_18x6.mdl
  Exported okay.

pnl_mapgen_18x7.mdl
  Exported okay.

pnl_mapgen_18x8.mdl
  Exported okay.

pnl_mapgen_18x9.mdl
  Exported okay.

pnl_mapgen_19x10.mdl
  Exported okay.

pnl_mapgen_19x11.mdl
  Exported okay.

pnl_mapgen_19x12.mdl
  Exported okay.

pnl_mapgen_19x13.mdl
  Exported okay.

pnl_mapgen_19x14.mdl
  Exported okay.

pnl_mapgen_19x15.mdl
  Exported okay.

pnl_mapgen_19x16.mdl
  Exported okay.

pnl_mapgen_19x17.mdl
  Exported okay.

pnl_mapgen_19x18.mdl
  Exported okay.

pnl_mapgen_19x19.mdl
  Exported okay.

pnl_mapgen_19x2.mdl
  Exported okay.

pnl_mapgen_19x20.mdl
  Exported okay.

pnl_mapgen_19x21.mdl
  Exported okay.

pnl_mapgen_19x22.mdl
  Exported okay.

pnl_mapgen_19x23.mdl
  Exported okay.

pnl_mapgen_19x24.mdl
  Exported okay.

pnl_mapgen_19x3.mdl
  Exported okay.

pnl_mapgen_19x4.mdl
  Exported okay.

pnl_mapgen_19x5.mdl
  Exported okay.

pnl_mapgen_19x6.mdl
  Exported okay.

pnl_mapgen_19x7.mdl
  Exported okay.

pnl_mapgen_19x8.mdl
  Exported okay.

pnl_mapgen_19x9.mdl
  Exported okay.

pnl_mapgen_20x10.mdl
  Exported okay.

pnl_mapgen_20x11.mdl
  Exported okay.

pnl_mapgen_20x12.mdl
  Exported okay.

pnl_mapgen_20x13.mdl
  Exported okay.

pnl_mapgen_20x14.mdl
  Exported okay.

pnl_mapgen_20x15.mdl
  Exported okay.

pnl_mapgen_20x16.mdl
  Exported okay.

pnl_mapgen_20x17.mdl
  Exported okay.

pnl_mapgen_20x18.mdl
  Exported okay.

pnl_mapgen_20x19.mdl
  Exported okay.

pnl_mapgen_20x2.mdl
  Exported okay.

pnl_mapgen_20x20.mdl
  Exported okay.

pnl_mapgen_20x21.mdl
  Exported okay.

pnl_mapgen_20x22.mdl
  Exported okay.

pnl_mapgen_20x23.mdl
  Exported okay.

pnl_mapgen_20x24.mdl
  Exported okay.

pnl_mapgen_20x3.mdl
  Exported okay.

pnl_mapgen_20x4.mdl
  Exported okay.

pnl_mapgen_20x5.mdl
  Exported okay.

pnl_mapgen_20x6.mdl
  Exported okay.

pnl_mapgen_20x7.mdl
  Exported okay.

pnl_mapgen_20x8.mdl
  Exported okay.

pnl_mapgen_20x9.mdl
  Exported okay.

pnl_mapgen_21x10.mdl
  Exported okay.

pnl_mapgen_21x11.mdl
  Exported okay.

pnl_mapgen_21x12.mdl
  Exported okay.

pnl_mapgen_21x13.mdl
  Exported okay.

pnl_mapgen_21x14.mdl
  Exported okay.

pnl_mapgen_21x15.mdl
  Exported okay.

pnl_mapgen_21x16.mdl
  Exported okay.

pnl_mapgen_21x17.mdl
  Exported okay.

pnl_mapgen_21x18.mdl
  Exported okay.

pnl_mapgen_21x19.mdl
  Exported okay.

pnl_mapgen_21x2.mdl
  Exported okay.

pnl_mapgen_21x20.mdl
  Exported okay.

pnl_mapgen_21x21.mdl
  Exported okay.

pnl_mapgen_21x22.mdl
  Exported okay.

pnl_mapgen_21x23.mdl
  Exported okay.

pnl_mapgen_21x24.mdl
  Exported okay.

pnl_mapgen_21x3.mdl
  Exported okay.

pnl_mapgen_21x4.mdl
  Exported okay.

pnl_mapgen_21x5.mdl
  Exported okay.

pnl_mapgen_21x6.mdl
  Exported okay.

pnl_mapgen_21x7.mdl
  Exported okay.

pnl_mapgen_21x8.mdl
  Exported okay.

pnl_mapgen_21x9.mdl
  Exported okay.

pnl_mapgen_3x2.mdl
  Exported okay.

pnl_mapgen_4x10.mdl
  Exported okay.

pnl_mapgen_4x11.mdl
  Exported okay.

pnl_mapgen_4x12.mdl
  Exported okay.

pnl_mapgen_4x13.mdl
  Exported okay.

pnl_mapgen_4x14.mdl
  Exported okay.

pnl_mapgen_4x15.mdl
  Exported okay.

pnl_mapgen_4x16.mdl
  Exported okay.

pnl_mapgen_4x17.mdl
  Exported okay.

pnl_mapgen_4x18.mdl
  Exported okay.

pnl_mapgen_4x19.mdl
  Exported okay.

pnl_mapgen_4x2.mdl
  Exported okay.

pnl_mapgen_4x20.mdl
  Exported okay.

pnl_mapgen_4x21.mdl
  Exported okay.

pnl_mapgen_4x22.mdl
  Exported okay.

pnl_mapgen_4x23.mdl
  Exported okay.

pnl_mapgen_4x24.mdl
  Exported okay.

pnl_mapgen_4x3.mdl
  Exported okay.

pnl_mapgen_4x4.mdl
  Exported okay.

pnl_mapgen_4x5.mdl
  Exported okay.

pnl_mapgen_4x6.mdl
  Exported okay.

pnl_mapgen_4x7.mdl
  Exported okay.

pnl_mapgen_4x8.mdl
  Exported okay.

pnl_mapgen_4x9.mdl
  Exported okay.

pnl_mapgen_5x10.mdl
  Exported okay.

pnl_mapgen_5x11.mdl
  Exported okay.

pnl_mapgen_5x12.mdl
  Exported okay.

pnl_mapgen_5x13.mdl
  Exported okay.

pnl_mapgen_5x14.mdl
  Exported okay.

pnl_mapgen_5x15.mdl
  Exported okay.

pnl_mapgen_5x16.mdl
  Exported okay.

pnl_mapgen_5x17.mdl
  Exported okay.

pnl_mapgen_5x18.mdl
  Exported okay.

pnl_mapgen_5x19.mdl
  Exported okay.

pnl_mapgen_5x2.mdl
  Exported okay.

pnl_mapgen_5x20.mdl
  Exported okay.

pnl_mapgen_5x21.mdl
  Exported okay.

pnl_mapgen_5x22.mdl
  Exported okay.

pnl_mapgen_5x23.mdl
  Exported okay.

pnl_mapgen_5x24.mdl
  Exported okay.

pnl_mapgen_5x3.mdl
  Exported okay.

pnl_mapgen_5x4.mdl
  Exported okay.

pnl_mapgen_5x5.mdl
  Exported okay.

pnl_mapgen_5x6.mdl
  Exported okay.

pnl_mapgen_5x7.mdl
  Exported okay.

pnl_mapgen_5x8.mdl
  Exported okay.

pnl_mapgen_5x9.mdl
  Exported okay.

pnl_mapgen_6x10.mdl
  Exported okay.

pnl_mapgen_6x11.mdl
  Exported okay.

pnl_mapgen_6x12.mdl
  Exported okay.

pnl_mapgen_6x13.mdl
  Exported okay.

pnl_mapgen_6x14.mdl
  Exported okay.

pnl_mapgen_6x15.mdl
  Exported okay.

pnl_mapgen_6x16.mdl
  Exported okay.

pnl_mapgen_6x17.mdl
  Exported okay.

pnl_mapgen_6x18.mdl
  Exported okay.

pnl_mapgen_6x19.mdl
  Exported okay.

pnl_mapgen_6x2.mdl
  Exported okay.

pnl_mapgen_6x20.mdl
  Exported okay.

pnl_mapgen_6x21.mdl
  Exported okay.

pnl_mapgen_6x22.mdl
  Exported okay.

pnl_mapgen_6x23.mdl
  Exported okay.

pnl_mapgen_6x24.mdl
  Exported okay.

pnl_mapgen_6x3.mdl
  Exported okay.

pnl_mapgen_6x4.mdl
  Exported okay.

pnl_mapgen_6x5.mdl
  Exported okay.

pnl_mapgen_6x6.mdl
  Exported okay.

pnl_mapgen_6x7.mdl
  Exported okay.

pnl_mapgen_6x8.mdl
  Exported okay.

pnl_mapgen_6x9.mdl
  Exported okay.

pnl_mapgen_7x10.mdl
  Exported okay.

pnl_mapgen_7x11.mdl
  Exported okay.

pnl_mapgen_7x12.mdl
  Exported okay.

pnl_mapgen_7x13.mdl
  Exported okay.

pnl_mapgen_7x14.mdl
  Exported okay.

pnl_mapgen_7x15.mdl
  Exported okay.

pnl_mapgen_7x16.mdl
  Exported okay.

pnl_mapgen_7x17.mdl
  Exported okay.

pnl_mapgen_7x18.mdl
  Exported okay.

pnl_mapgen_7x19.mdl
  Exported okay.

pnl_mapgen_7x2.mdl
  Exported okay.

pnl_mapgen_7x20.mdl
  Exported okay.

pnl_mapgen_7x21.mdl
  Exported okay.

pnl_mapgen_7x22.mdl
  Exported okay.

pnl_mapgen_7x23.mdl
  Exported okay.

pnl_mapgen_7x24.mdl
  Exported okay.

pnl_mapgen_7x3.mdl
  Exported okay.

pnl_mapgen_7x4.mdl
  Exported okay.

pnl_mapgen_7x5.mdl
  Exported okay.

pnl_mapgen_7x6.mdl
  Exported okay.

pnl_mapgen_7x7.mdl
  Exported okay.

pnl_mapgen_7x8.mdl
  Exported okay.

pnl_mapgen_7x9.mdl
  Exported okay.

pnl_mapgen_8x10.mdl
  Exported okay.

pnl_mapgen_8x11.mdl
  Exported okay.

pnl_mapgen_8x12.mdl
  Exported okay.

pnl_mapgen_8x13.mdl
  Exported okay.

pnl_mapgen_8x14.mdl
  Exported okay.

pnl_mapgen_8x15.mdl
  Exported okay.

pnl_mapgen_8x16.mdl
  Exported okay.

pnl_mapgen_8x17.mdl
  Exported okay.

pnl_mapgen_8x18.mdl
  Exported okay.

pnl_mapgen_8x19.mdl
  Exported okay.

pnl_mapgen_8x2.mdl
  Exported okay.

pnl_mapgen_8x20.mdl
  Exported okay.

pnl_mapgen_8x21.mdl
  Exported okay.

pnl_mapgen_8x22.mdl
  Exported okay.

pnl_mapgen_8x23.mdl
  Exported okay.

pnl_mapgen_8x24.mdl
  Exported okay.

pnl_mapgen_8x3.mdl
  Exported okay.

pnl_mapgen_8x4.mdl
  Exported okay.

pnl_mapgen_8x5.mdl
  Exported okay.

pnl_mapgen_8x6.mdl
  Exported okay.

pnl_mapgen_8x7.mdl
  Exported okay.

pnl_mapgen_8x8.mdl
  Exported okay.

pnl_mapgen_8x9.mdl
  Exported okay.

pnl_mapgen_9x10.mdl
  Exported okay.

pnl_mapgen_9x11.mdl
  Exported okay.

pnl_mapgen_9x12.mdl
  Exported okay.

pnl_mapgen_9x13.mdl
  Exported okay.

pnl_mapgen_9x14.mdl
  Exported okay.

pnl_mapgen_9x15.mdl
  Exported okay.

pnl_mapgen_9x16.mdl
  Exported okay.

pnl_mapgen_9x17.mdl
  Exported okay.

pnl_mapgen_9x18.mdl
  Exported okay.

pnl_mapgen_9x19.mdl
  Exported okay.

pnl_mapgen_9x2.mdl
  Exported okay.

pnl_mapgen_9x20.mdl
  Exported okay.

pnl_mapgen_9x21.mdl
  Exported okay.

pnl_mapgen_9x22.mdl
  Exported okay.

pnl_mapgen_9x23.mdl
  Exported okay.

pnl_mapgen_9x24.mdl
  Exported okay.

pnl_mapgen_9x3.mdl
  Exported okay.

pnl_mapgen_9x4.mdl
  Exported okay.

pnl_mapgen_9x5.mdl
  Exported okay.

pnl_mapgen_9x6.mdl
  Exported okay.

pnl_mapgen_9x7.mdl
  Exported okay.

pnl_mapgen_9x8.mdl
  Exported okay.

pnl_mapgen_9x9.mdl
  Exported okay.

pnl_menu_bar.mdl
  Exported okay.

pnl_menu_barl.mdl
  Exported okay.

pnl_newgame.mdl
  Exported okay.

pnl_newplayer.mdl
  Exported okay.

pnl_ok.mdl
  Exported okay.

pnl_okcancel.mdl
  Exported okay.

pnl_opt_cdkey.mdl
  Exported okay.

pnl_opt_gen.mdl
  Exported okay.

pnl_opt_gen1.mdl
  Exported okay.

pnl_opt_key.mdl
  Exported okay.

pnl_opt_key_page.mdl
  Exported okay.

pnl_opt_splash.mdl
  Exported okay.

pnl_options.mdl
  Exported okay.

pnl_party_bar.mdl
  Exported okay.

pnl_party_bar01.mdl
  Exported okay.

pnl_picknewchar.mdl
  Exported okay.

pnl_playerlogin.mdl
  Exported okay.

pnl_playmod640.mdl
  Exported okay.

pnl_playmod800.mdl
  Exported okay.

pnl_playmods800.mdl
  Exported okay.

pnl_plrtimedevnt.mdl
  Exported okay.

pnl_popup_1x10.mdl
  Exported okay.

pnl_popup_1x15.mdl
  Exported okay.

pnl_popup_1x30.mdl
  Exported okay.

pnl_popup_2x15.mdl
  Exported okay.

pnl_popup_2x30.mdl
  Exported okay.

pnl_popup_3x30.mdl
  Exported okay.

pnl_popup_edit.mdl
  Exported okay.

pnl_pre_chr_vers.mdl
  Exported okay.

pnl_pre_loadgm.mdl
  Exported okay.

pnl_pre_options.mdl
  Exported okay.

pnl_pre_playmod.mdl
  Exported okay.

pnl_pre_save_pop.mdl
  Exported okay.

pnl_pre_savegm.mdl
  Exported okay.

pnl_quick_bar.mdl
  Exported okay.

pnl_quick_ends.mdl
  Exported okay.

pnl_quicklogin.mdl
  Exported okay.

pnl_sdetails800.mdl
  Exported okay.

pnl_selectplayer.mdl
  Exported okay.

pnl_servrlst640.mdl
  Exported okay.

pnl_servrlst800.mdl
  Exported okay.

pnl_spellbook.mdl
  Exported okay.

pnl_spellmemoriz.mdl
  Exported okay.

pnl_srv_adv_opt.mdl
  Exported okay.

pnl_srv_details.mdl
  Exported okay.

pnl_srv_dir_con.mdl
  Exported okay.

pnl_srv_list.mdl
  Exported okay.

pnl_srv_lst_lan.mdl
  Exported okay.

pnl_srv_profile.mdl
  Exported okay.

pnl_srvchat800.mdl
  Exported okay.

pnl_st_ok.mdl
  Exported okay.

pnl_status.mdl
  Exported okay.

pnl_store.mdl
  Exported okay.

pnl_svrconnect.mdl
  Exported okay.

pnl_util_editpop.mdl
  Exported okay.

pnl_util_ok.mdl
  Exported okay.

pnl_util_ok_save.mdl
  Exported okay.

pnl_videooptions.mdl
  Exported okay.

pnl_vidopts.mdl
  Exported okay.

qb_but_chatbar.mdl
  Exported okay.

qb_but01.mdl
  Exported okay.

qb_but02.mdl
  Exported okay.

qb_but03.mdl
  Exported okay.

qb_but04.mdl
  Exported okay.

qb_but05.mdl
  Exported okay.

qb_but06.mdl
  Exported okay.

qb_but07.mdl
  Exported okay.

qb_but08.mdl
  Exported okay.

qb_but09.mdl
  Exported okay.

qb_but10.mdl
  Exported okay.

qb_but11.mdl
  Exported okay.

qb_but12.mdl
  Exported okay.

qb_tab_down.mdl
  Exported okay.

qb_tab_up.mdl
  Exported okay.

rad_circle112.mdl
  Exported okay.

rad_circle56.mdl
  Exported okay.

rad_clear_ring.mdl
  Exported okay.

rad_fr_ability.mdl
  Exported okay.

rad_fr_attack.mdl
  Exported okay.

rad_fr_defend.mdl
  Exported okay.

rad_fr_magic.mdl
  Exported okay.

rad_fr_misc.mdl
  Exported okay.

rad_fr_object.mdl
  Exported okay.

rad_fr_ooc.mdl
  Exported okay.

rad_fr_social.mdl
  Exported okay.

rad_menu.mdl
  Exported okay.

rad_more.mdl
  Exported okay.

rad_multisub1.mdl
  Exported okay.

rad_multisub2.mdl
  Exported okay.

rad_multisub3.mdl
  Exported okay.

rad_multisub4.mdl
  Exported okay.

rad_multisub5.mdl
  Exported okay.

rad_multisub6.mdl
  Exported okay.

rad_multisub7.mdl
  Exported okay.

rad_multisub8.mdl
  Exported okay.

rad_portrait.mdl
  Exported okay.

rad_spell_box.mdl
  Exported okay.

rad_spell_focus.mdl
  Exported okay.

rad_spell_mastr.mdl
  Exported okay.

rad_spell_plain.mdl
  Exported okay.

radialband.mdl
  Exported okay.

radialmenu.mdl
  Exported okay.

scrollbar.mdl
  Exported okay.

scrollbar_copy.mdl
  Exported okay.

scrollbar01.mdl
  Exported okay.

scrollbar1000.mdl
  Exported okay.

scrollbar2samp.mdl
  Exported okay.

scrollbar3samp.mdl
  Exported okay.

scrollbarmike.mdl
  Exported okay.

spawnpoint.mdl
  Exported okay.

