but_chat_bar360.mdl
  Exported okay.

but_chat_bar720.mdl
  Exported okay.

but_popup_icon.mdl
  Exported okay.

buttoncontext.mdl
  Exported okay.

ctl_btn_uiscale.mdl
  Exported okay.

ctl_cg_btn_att.mdl
  Exported okay.

ctl_cg_btn_skdn.mdl
  Exported okay.

ctl_cg_btn_skill.mdl
  Exported okay.

ctl_cg_btn_skup.mdl
  Exported okay.

ctl_cg_btn_splvl.mdl
  Exported okay.

ctl_dialog_entry.mdl
  Exported okay.

ctl_dialog_reply.mdl
  Exported okay.

ctl_icon_areamap.mdl
  Exported okay.

ctl_icon_minimap.mdl
  Exported okay.

ctl_ig_joystick.mdl
  Exported okay.

ctl_ig_slider.mdl
  Exported okay.

ctl_jnl_entrytxt.mdl
  Exported okay.

ctl_jnl_questbtn.mdl
  Exported okay.

ctl_map_pin_grn.mdl
  Exported okay.

ctl_map_pin_red.mdl
  Exported okay.

ctl_map_pinsrc.mdl
  Exported okay.

ctl_map_xmarker.mdl
  Exported okay.

ctl_opt_gens.mdl
  Exported okay.

ctl_sb_btn_sptab.mdl
  Exported okay.

ctl_spelbx_first.mdl
  Exported okay.

ctl_spelbx_next.mdl
  Exported okay.

ctl_spl_tab.mdl
  Exported okay.

ctl_spl_tab_rgt.mdl
  Exported okay.

ctl_svrlist_lan.mdl
  Exported okay.

edit_popup_2x45.mdl
  Exported okay.

inv_box_2x5.mdl
  Exported okay.

inv_box_2x5_ol.mdl
  Exported okay.

inv_eqp_lhand.mdl
  Exported okay.

inv_eqp_rhand.mdl
  Exported okay.

inv_eqpol_ammo.mdl
  Exported okay.

inv_eqpol_armor.mdl
  Exported okay.

inv_eqpol_belt.mdl
  Exported okay.

inv_eqpol_boot.mdl
  Exported okay.

inv_eqpol_cloak.mdl
  Exported okay.

inv_eqpol_guant.mdl
  Exported okay.

inv_eqpol_helmet.mdl
  Exported okay.

inv_eqpol_lhand.mdl
  Exported okay.

inv_eqpol_rhand.mdl
  Exported okay.

inv_eqpol_ring.mdl
  Exported okay.

load_legal.mdl
  Exported okay.

pb_but_char.mdl
  Exported okay.

pb_but_chat.mdl
  Exported okay.

pb_but_hilite.mdl
  Exported okay.

pb_but_inv.mdl
  Exported okay.

pb_but_jour.mdl
  Exported okay.

pb_but_map.mdl
  Exported okay.

pb_but_opts.mdl
  Exported okay.

pb_but_pvp.mdl
  Exported okay.

pb_but_rest.mdl
  Exported okay.

pb_but_save.mdl
  Exported okay.

pb_but_spell.mdl
  Exported okay.

**** pb_context.mdl failed to load

**** pb_pause.mdl failed to load

**** pb_tab.mdl failed to load

pnl_chat_prompt.mdl
  Exported okay.

pnl_compass.mdl
  Exported okay.

pnl_con_vid_mode.mdl
  Exported okay.

pnl_context.mdl
  Exported okay.

pnl_main_bg.mdl
  Exported okay.

pnl_map_area.mdl
  Exported okay.

pnl_mapgen_11x11.mdl
  Exported okay.

pnl_menu_bar.mdl
  Exported okay.

pnl_menu_barl.mdl
  Exported okay.

pnl_party_bar.mdl
  Exported okay.

pnl_plrtimedevnt.mdl
  Exported okay.

pnl_pre_playmod.mdl
  Exported okay.

pnl_quick_bar.mdl
  Exported okay.

pnl_spellbook.mdl
  Exported okay.

pnl_srv_lst_lan.mdl
  Exported okay.

qb_but_chatbar.mdl
  Exported okay.

**** qb_but_menubar.mdl failed to load

**** qb_but_pause.mdl failed to load

qb_tab_down.mdl
  Exported okay.

qb_tab_up.mdl
  Exported okay.

